<?xml version="1.0" encoding="UTF-8"?>
<!-- Generated by org.testng.reporters.JUnitXMLReporter -->
<testsuite ignored="0" hostname="LAPTOP-3I1HTUO8" failures="0" tests="3" name="Default test" time="14.44" errors="0" timestamp="2025-04-04T15:22:53 IST">
  <testcase classname="jenksel.jenksel" name="google" time="6.934"/>
  <testcase classname="jenksel.jenksel" name="testGoogle" time="1.139"/>
  <testcase classname="jenksel.jenksel" name="testIndiapost" time="3.929"/>
</testsuite> <!-- Default test -->
