<?xml version="1.0" encoding="UTF-8"?>
<!-- Generated by org.testng.reporters.JUnitXMLReporter -->
<testsuite ignored="0" hostname="LAPTOP-3I1HTUO8" failures="0" tests="4" name="Default test" time="13.955" errors="0" timestamp="2025-04-07T11:48:07 IST">
  <testcase classname="jenksel.jenksel" name="facebookTitleTest" time="0.852"/>
  <testcase classname="jenksel.jenksel" name="failingTest" time="1.889"/>
  <testcase classname="jenksel.jenksel" name="googleSearchTest" time="3.871"/>
  <testcase classname="jenksel.jenksel" name="wallpaperSiteTest" time="0.173"/>
</testsuite> <!-- Default test -->
