<?xml version="1.0" encoding="UTF-8"?>
<testng-results ignored="0" total="4" passed="4" failed="0" skipped="0">
  <reporter-output>
  </reporter-output>
  <suite started-at="2025-04-07T11:47:53 IST" name="Default suite" finished-at="2025-04-07T11:48:07 IST" duration-ms="13955">
    <groups>
    </groups>
    <test started-at="2025-04-07T11:47:53 IST" name="Default test" finished-at="2025-04-07T11:48:07 IST" duration-ms="13955">
      <class name="jenksel.jenksel">
        <test-method is-config="true" signature="setupReport()[pri:0, instance:jenksel.jenksel@236e3f4e]" started-at="2025-04-07T11:47:53 IST" name="setupReport" finished-at="2025-04-07T11:47:53 IST" duration-ms="321" status="PASS">
          <reporter-output>
          </reporter-output>
        </test-method> <!-- setupReport -->
        <test-method is-config="true" signature="setupDriver()[pri:0, instance:jenksel.jenksel@236e3f4e]" started-at="2025-04-07T11:47:53 IST" name="setupDriver" finished-at="2025-04-07T11:47:55 IST" duration-ms="2021" status="PASS">
          <reporter-output>
          </reporter-output>
        </test-method> <!-- setupDriver -->
        <test-method signature="facebookTitleTest()[pri:0, instance:jenksel.jenksel@236e3f4e]" started-at="2025-04-07T11:47:55 IST" name="facebookTitleTest" finished-at="2025-04-07T11:47:56 IST" duration-ms="852" status="PASS">
          <reporter-output>
          </reporter-output>
        </test-method> <!-- facebookTitleTest -->
        <test-method is-config="true" signature="tearDownMethod(org.testng.ITestResult)[pri:0, instance:jenksel.jenksel@236e3f4e]" started-at="2025-04-07T11:47:56 IST" name="tearDownMethod" finished-at="2025-04-07T11:47:57 IST" duration-ms="210" status="PASS">
          <params>
            <param index="0">
              <value>
                <![CDATA[[TestResult name=facebookTitleTest status=SUCCESS method=jenksel.facebookTitleTest()[pri:0, instance:jenksel.jenksel@236e3f4e] output={null}]]]>
              </value>
            </param>
          </params>
          <reporter-output>
          </reporter-output>
        </test-method> <!-- tearDownMethod -->
        <test-method is-config="true" signature="setupDriver()[pri:0, instance:jenksel.jenksel@236e3f4e]" started-at="2025-04-07T11:47:57 IST" name="setupDriver" finished-at="2025-04-07T11:47:58 IST" duration-ms="1133" status="PASS">
          <reporter-output>
          </reporter-output>
        </test-method> <!-- setupDriver -->
        <test-method signature="failingTest()[pri:0, instance:jenksel.jenksel@236e3f4e]" started-at="2025-04-07T11:47:58 IST" name="failingTest" finished-at="2025-04-07T11:48:00 IST" duration-ms="1889" status="PASS">
          <reporter-output>
          </reporter-output>
        </test-method> <!-- failingTest -->
        <test-method is-config="true" signature="tearDownMethod(org.testng.ITestResult)[pri:0, instance:jenksel.jenksel@236e3f4e]" started-at="2025-04-07T11:48:00 IST" name="tearDownMethod" finished-at="2025-04-07T11:48:00 IST" duration-ms="160" status="PASS">
          <params>
            <param index="0">
              <value>
                <![CDATA[[TestResult name=failingTest status=SUCCESS method=jenksel.failingTest()[pri:0, instance:jenksel.jenksel@236e3f4e] output={null}]]]>
              </value>
            </param>
          </params>
          <reporter-output>
          </reporter-output>
        </test-method> <!-- tearDownMethod -->
        <test-method is-config="true" signature="setupDriver()[pri:0, instance:jenksel.jenksel@236e3f4e]" started-at="2025-04-07T11:48:00 IST" name="setupDriver" finished-at="2025-04-07T11:48:01 IST" duration-ms="1151" status="PASS">
          <reporter-output>
          </reporter-output>
        </test-method> <!-- setupDriver -->
        <test-method signature="googleSearchTest()[pri:0, instance:jenksel.jenksel@236e3f4e]" started-at="2025-04-07T11:48:01 IST" name="googleSearchTest" finished-at="2025-04-07T11:48:05 IST" duration-ms="3871" status="PASS">
          <reporter-output>
          </reporter-output>
        </test-method> <!-- googleSearchTest -->
        <test-method is-config="true" signature="tearDownMethod(org.testng.ITestResult)[pri:0, instance:jenksel.jenksel@236e3f4e]" started-at="2025-04-07T11:48:05 IST" name="tearDownMethod" finished-at="2025-04-07T11:48:05 IST" duration-ms="183" status="PASS">
          <params>
            <param index="0">
              <value>
                <![CDATA[[TestResult name=googleSearchTest status=SUCCESS method=jenksel.googleSearchTest()[pri:0, instance:jenksel.jenksel@236e3f4e] output={null}]]]>
              </value>
            </param>
          </params>
          <reporter-output>
          </reporter-output>
        </test-method> <!-- tearDownMethod -->
        <test-method is-config="true" signature="setupDriver()[pri:0, instance:jenksel.jenksel@236e3f4e]" started-at="2025-04-07T11:48:05 IST" name="setupDriver" finished-at="2025-04-07T11:48:06 IST" duration-ms="1191" status="PASS">
          <reporter-output>
          </reporter-output>
        </test-method> <!-- setupDriver -->
        <test-method signature="wallpaperSiteTest()[pri:0, instance:jenksel.jenksel@236e3f4e]" started-at="2025-04-07T11:48:06 IST" name="wallpaperSiteTest" finished-at="2025-04-07T11:48:06 IST" duration-ms="173" status="PASS">
          <reporter-output>
          </reporter-output>
        </test-method> <!-- wallpaperSiteTest -->
        <test-method is-config="true" signature="tearDownMethod(org.testng.ITestResult)[pri:0, instance:jenksel.jenksel@236e3f4e]" started-at="2025-04-07T11:48:06 IST" name="tearDownMethod" finished-at="2025-04-07T11:48:07 IST" duration-ms="227" status="PASS">
          <params>
            <param index="0">
              <value>
                <![CDATA[[TestResult name=wallpaperSiteTest status=SUCCESS method=jenksel.wallpaperSiteTest()[pri:0, instance:jenksel.jenksel@236e3f4e] output={null}]]]>
              </value>
            </param>
          </params>
          <reporter-output>
          </reporter-output>
        </test-method> <!-- tearDownMethod -->
        <test-method is-config="true" signature="tearDownReport()[pri:0, instance:jenksel.jenksel@236e3f4e]" started-at="2025-04-07T11:48:07 IST" name="tearDownReport" finished-at="2025-04-07T11:48:07 IST" duration-ms="508" status="PASS">
          <reporter-output>
          </reporter-output>
        </test-method> <!-- tearDownReport -->
      </class> <!-- jenksel.jenksel -->
    </test> <!-- Default test -->
  </suite> <!-- Default suite -->
</testng-results>
