<?xml version="1.0" encoding="UTF-8"?>
<testng-results ignored="0" total="3" passed="3" failed="0" skipped="0">
  <reporter-output>
  </reporter-output>
  <suite started-at="2025-04-04T15:22:38 IST" name="Default suite" finished-at="2025-04-04T15:22:53 IST" duration-ms="14440">
    <groups>
    </groups>
    <test started-at="2025-04-04T15:22:38 IST" name="Default test" finished-at="2025-04-04T15:22:53 IST" duration-ms="14440">
      <class name="jenksel.jenksel">
        <test-method is-config="true" signature="setup()[pri:0, instance:jenksel.jenksel@76f2bbc1]" started-at="2025-04-04T15:22:38 IST" name="setup" finished-at="2025-04-04T15:22:40 IST" duration-ms="2129" status="PASS">
          <reporter-output>
          </reporter-output>
        </test-method> <!-- setup -->
        <test-method signature="google()[pri:0, instance:jenksel.jenksel@76f2bbc1]" started-at="2025-04-04T15:22:40 IST" name="google" finished-at="2025-04-04T15:22:47 IST" duration-ms="6934" status="PASS">
          <reporter-output>
          </reporter-output>
        </test-method> <!-- google -->
        <test-method signature="testGoogle()[pri:0, instance:jenksel.jenksel@76f2bbc1]" started-at="2025-04-04T15:22:47 IST" name="testGoogle" finished-at="2025-04-04T15:22:48 IST" duration-ms="1139" status="PASS">
          <reporter-output>
          </reporter-output>
        </test-method> <!-- testGoogle -->
        <test-method signature="testIndiapost()[pri:0, instance:jenksel.jenksel@76f2bbc1]" started-at="2025-04-04T15:22:48 IST" name="testIndiapost" finished-at="2025-04-04T15:22:52 IST" duration-ms="3929" status="PASS">
          <reporter-output>
          </reporter-output>
        </test-method> <!-- testIndiapost -->
        <test-method is-config="true" signature="tearDown()[pri:0, instance:jenksel.jenksel@76f2bbc1]" started-at="2025-04-04T15:22:52 IST" name="tearDown" finished-at="2025-04-04T15:22:53 IST" duration-ms="257" status="PASS">
          <reporter-output>
          </reporter-output>
        </test-method> <!-- tearDown -->
      </class> <!-- jenksel.jenksel -->
    </test> <!-- Default test -->
  </suite> <!-- Default suite -->
</testng-results>
