<?xml version="1.0" encoding="UTF-8"?>
<testng-results ignored="0" total="4" passed="3" failed="1" skipped="0">
  <reporter-output>
  </reporter-output>
  <suite started-at="2025-04-07T11:38:44 IST" name="Default suite" finished-at="2025-04-07T11:40:20 IST" duration-ms="95261">
    <groups>
    </groups>
    <test started-at="2025-04-07T11:38:44 IST" name="Default test" finished-at="2025-04-07T11:40:20 IST" duration-ms="95261">
      <class name="jenksel.jenksel">
        <test-method is-config="true" signature="setupReport()[pri:0, instance:jenksel.jenksel@236e3f4e]" started-at="2025-04-07T11:38:44 IST" name="setupReport" finished-at="2025-04-07T11:38:45 IST" duration-ms="183" status="PASS">
          <reporter-output>
          </reporter-output>
        </test-method> <!-- setupReport -->
        <test-method is-config="true" signature="setupDriver()[pri:0, instance:jenksel.jenksel@236e3f4e]" started-at="2025-04-07T11:38:45 IST" name="setupDriver" finished-at="2025-04-07T11:38:46 IST" duration-ms="1557" status="PASS">
          <reporter-output>
          </reporter-output>
        </test-method> <!-- setupDriver -->
        <test-method signature="facebookTitleTest()[pri:0, instance:jenksel.jenksel@236e3f4e]" started-at="2025-04-07T11:38:46 IST" name="facebookTitleTest" finished-at="2025-04-07T11:38:58 IST" duration-ms="11890" status="PASS">
          <reporter-output>
          </reporter-output>
        </test-method> <!-- facebookTitleTest -->
        <test-method is-config="true" signature="tearDownMethod(org.testng.ITestResult)[pri:0, instance:jenksel.jenksel@236e3f4e]" started-at="2025-04-07T11:38:58 IST" name="tearDownMethod" finished-at="2025-04-07T11:38:58 IST" duration-ms="170" status="PASS">
          <params>
            <param index="0">
              <value>
                <![CDATA[[TestResult name=facebookTitleTest status=SUCCESS method=jenksel.facebookTitleTest()[pri:0, instance:jenksel.jenksel@236e3f4e] output={null}]]]>
              </value>
            </param>
          </params>
          <reporter-output>
          </reporter-output>
        </test-method> <!-- tearDownMethod -->
        <test-method is-config="true" signature="setupDriver()[pri:0, instance:jenksel.jenksel@236e3f4e]" started-at="2025-04-07T11:38:58 IST" name="setupDriver" finished-at="2025-04-07T11:38:59 IST" duration-ms="1092" status="PASS">
          <reporter-output>
          </reporter-output>
        </test-method> <!-- setupDriver -->
        <test-method signature="failingTest()[pri:0, instance:jenksel.jenksel@236e3f4e]" started-at="2025-04-07T11:38:59 IST" name="failingTest" finished-at="2025-04-07T11:40:01 IST" duration-ms="61426" status="FAIL">
          <exception class="org.openqa.selenium.WebDriverException">
            <message>
              <![CDATA[unknown error: net::ERR_NAME_NOT_RESOLVED
  (Session info: chrome=135.0.7049.41)
Build info: version: '4.20.0', revision: '866c76ca80'
System info: os.name: 'Windows 11', os.arch: 'amd64', os.version: '10.0', java.version: '18.0.2.1'
Driver info: org.openqa.selenium.chrome.ChromeDriver
Command: [33f4b7e778fc2008dfce685f876ba63a, get {url=https://www.knkjhgjdjj.com/}]
Capabilities {acceptInsecureCerts: false, browserName: chrome, browserVersion: 135.0.7049.41, chrome: {chromedriverVersion: 135.0.7049.42 (0f351bbd2617..., userDataDir: C:\Users\yaswanth\AppData\L...}, fedcm:accounts: true, goog:chromeOptions: {debuggerAddress: localhost:52293}, networkConnectionEnabled: false, pageLoadStrategy: normal, platformName: windows, proxy: Proxy(), se:cdp: ws://localhost:52293/devtoo..., se:cdpVersion: 135.0.7049.41, setWindowRect: true, strictFileInteractability: false, timeouts: {implicit: 0, pageLoad: 300000, script: 30000}, unhandledPromptBehavior: dismiss and notify, webauthn:extension:credBlob: true, webauthn:extension:largeBlob: true, webauthn:extension:minPinLength: true, webauthn:extension:prf: true, webauthn:virtualAuthenticators: true}
Session ID: 33f4b7e778fc2008dfce685f876ba63a]]>
            </message>
            <full-stacktrace>
              <![CDATA[org.openqa.selenium.WebDriverException: unknown error: net::ERR_NAME_NOT_RESOLVED
  (Session info: chrome=135.0.7049.41)
Build info: version: '4.20.0', revision: '866c76ca80'
System info: os.name: 'Windows 11', os.arch: 'amd64', os.version: '10.0', java.version: '18.0.2.1'
Driver info: org.openqa.selenium.chrome.ChromeDriver
Command: [33f4b7e778fc2008dfce685f876ba63a, get {url=https://www.knkjhgjdjj.com/}]
Capabilities {acceptInsecureCerts: false, browserName: chrome, browserVersion: 135.0.7049.41, chrome: {chromedriverVersion: 135.0.7049.42 (0f351bbd2617..., userDataDir: C:\Users\yaswanth\AppData\L...}, fedcm:accounts: true, goog:chromeOptions: {debuggerAddress: localhost:52293}, networkConnectionEnabled: false, pageLoadStrategy: normal, platformName: windows, proxy: Proxy(), se:cdp: ws://localhost:52293/devtoo..., se:cdpVersion: 135.0.7049.41, setWindowRect: true, strictFileInteractability: false, timeouts: {implicit: 0, pageLoad: 300000, script: 30000}, unhandledPromptBehavior: dismiss and notify, webauthn:extension:credBlob: true, webauthn:extension:largeBlob: true, webauthn:extension:minPinLength: true, webauthn:extension:prf: true, webauthn:virtualAuthenticators: true}
Session ID: 33f4b7e778fc2008dfce685f876ba63a
at java.base/jdk.internal.reflect.DirectConstructorHandleAccessor.newInstance(DirectConstructorHandleAccessor.java:67)
at java.base/java.lang.reflect.Constructor.newInstanceWithCaller(Constructor.java:499)
at java.base/java.lang.reflect.Constructor.newInstance(Constructor.java:483)
at org.openqa.selenium.remote.ErrorCodec.decode(ErrorCodec.java:167)
at org.openqa.selenium.remote.codec.w3c.W3CHttpResponseCodec.decode(W3CHttpResponseCodec.java:138)
at org.openqa.selenium.remote.codec.w3c.W3CHttpResponseCodec.decode(W3CHttpResponseCodec.java:50)
at org.openqa.selenium.remote.HttpCommandExecutor.execute(HttpCommandExecutor.java:190)
at org.openqa.selenium.remote.service.DriverCommandExecutor.invokeExecute(DriverCommandExecutor.java:216)
at org.openqa.selenium.remote.service.DriverCommandExecutor.execute(DriverCommandExecutor.java:174)
at org.openqa.selenium.remote.RemoteWebDriver.execute(RemoteWebDriver.java:518)
at org.openqa.selenium.remote.RemoteWebDriver.get(RemoteWebDriver.java:300)
at jenksel.jenksel.failingTest(jenksel.java:36)
at java.base/jdk.internal.reflect.DirectMethodHandleAccessor.invoke(DirectMethodHandleAccessor.java:104)
at java.base/java.lang.reflect.Method.invoke(Method.java:577)
at org.testng.internal.invokers.MethodInvocationHelper.invokeMethod(MethodInvocationHelper.java:139)
at org.testng.internal.invokers.TestInvoker.invokeMethod(TestInvoker.java:677)
at org.testng.internal.invokers.TestInvoker.invokeTestMethod(TestInvoker.java:221)
at org.testng.internal.invokers.MethodRunner.runInSequence(MethodRunner.java:50)
at org.testng.internal.invokers.TestInvoker$MethodInvocationAgent.invoke(TestInvoker.java:969)
at org.testng.internal.invokers.TestInvoker.invokeTestMethods(TestInvoker.java:194)
at org.testng.internal.invokers.TestMethodWorker.invokeTestMethods(TestMethodWorker.java:148)
at org.testng.internal.invokers.TestMethodWorker.run(TestMethodWorker.java:128)
at java.base/java.util.ArrayList.forEach(ArrayList.java:1511)
at org.testng.TestRunner.privateRun(TestRunner.java:829)
at org.testng.TestRunner.run(TestRunner.java:602)
at org.testng.SuiteRunner.runTest(SuiteRunner.java:437)
at org.testng.SuiteRunner.runSequentially(SuiteRunner.java:431)
at org.testng.SuiteRunner.privateRun(SuiteRunner.java:391)
at org.testng.SuiteRunner.run(SuiteRunner.java:330)
at org.testng.SuiteRunnerWorker.runSuite(SuiteRunnerWorker.java:52)
at org.testng.SuiteRunnerWorker.run(SuiteRunnerWorker.java:95)
at org.testng.TestNG.runSuitesSequentially(TestNG.java:1256)
at org.testng.TestNG.runSuitesLocally(TestNG.java:1176)
at org.testng.TestNG.runSuites(TestNG.java:1099)
at org.testng.TestNG.run(TestNG.java:1067)
at org.testng.remote.AbstractRemoteTestNG.run(AbstractRemoteTestNG.java:115)
at org.testng.remote.RemoteTestNG.initAndRun(RemoteTestNG.java:251)
at org.testng.remote.RemoteTestNG.main(RemoteTestNG.java:77)
]]>
            </full-stacktrace>
          </exception> <!-- org.openqa.selenium.WebDriverException -->
          <reporter-output>
          </reporter-output>
        </test-method> <!-- failingTest -->
        <test-method is-config="true" signature="tearDownMethod(org.testng.ITestResult)[pri:0, instance:jenksel.jenksel@236e3f4e]" started-at="2025-04-07T11:40:01 IST" name="tearDownMethod" finished-at="2025-04-07T11:40:01 IST" duration-ms="554" status="PASS">
          <params>
            <param index="0">
              <value>
                <![CDATA[[TestResult name=failingTest status=FAILURE method=jenksel.failingTest()[pri:0, instance:jenksel.jenksel@236e3f4e] output={null}]]]>
              </value>
            </param>
          </params>
          <reporter-output>
          </reporter-output>
        </test-method> <!-- tearDownMethod -->
        <test-method is-config="true" signature="setupDriver()[pri:0, instance:jenksel.jenksel@236e3f4e]" started-at="2025-04-07T11:40:01 IST" name="setupDriver" finished-at="2025-04-07T11:40:02 IST" duration-ms="1129" status="PASS">
          <reporter-output>
          </reporter-output>
        </test-method> <!-- setupDriver -->
        <test-method signature="googleSearchTest()[pri:0, instance:jenksel.jenksel@236e3f4e]" started-at="2025-04-07T11:40:02 IST" name="googleSearchTest" finished-at="2025-04-07T11:40:18 IST" duration-ms="15237" status="PASS">
          <reporter-output>
          </reporter-output>
        </test-method> <!-- googleSearchTest -->
        <test-method is-config="true" signature="tearDownMethod(org.testng.ITestResult)[pri:0, instance:jenksel.jenksel@236e3f4e]" started-at="2025-04-07T11:40:18 IST" name="tearDownMethod" finished-at="2025-04-07T11:40:18 IST" duration-ms="171" status="PASS">
          <params>
            <param index="0">
              <value>
                <![CDATA[[TestResult name=googleSearchTest status=SUCCESS method=jenksel.googleSearchTest()[pri:0, instance:jenksel.jenksel@236e3f4e] output={null}]]]>
              </value>
            </param>
          </params>
          <reporter-output>
          </reporter-output>
        </test-method> <!-- tearDownMethod -->
        <test-method is-config="true" signature="setupDriver()[pri:0, instance:jenksel.jenksel@236e3f4e]" started-at="2025-04-07T11:40:18 IST" name="setupDriver" finished-at="2025-04-07T11:40:19 IST" duration-ms="1148" status="PASS">
          <reporter-output>
          </reporter-output>
        </test-method> <!-- setupDriver -->
        <test-method signature="wallpaperSiteTest()[pri:0, instance:jenksel.jenksel@236e3f4e]" started-at="2025-04-07T11:40:19 IST" name="wallpaperSiteTest" finished-at="2025-04-07T11:40:19 IST" duration-ms="171" status="PASS">
          <reporter-output>
          </reporter-output>
        </test-method> <!-- wallpaperSiteTest -->
        <test-method is-config="true" signature="tearDownMethod(org.testng.ITestResult)[pri:0, instance:jenksel.jenksel@236e3f4e]" started-at="2025-04-07T11:40:19 IST" name="tearDownMethod" finished-at="2025-04-07T11:40:19 IST" duration-ms="169" status="PASS">
          <params>
            <param index="0">
              <value>
                <![CDATA[[TestResult name=wallpaperSiteTest status=SUCCESS method=jenksel.wallpaperSiteTest()[pri:0, instance:jenksel.jenksel@236e3f4e] output={null}]]]>
              </value>
            </param>
          </params>
          <reporter-output>
          </reporter-output>
        </test-method> <!-- tearDownMethod -->
        <test-method is-config="true" signature="tearDownReport()[pri:0, instance:jenksel.jenksel@236e3f4e]" started-at="2025-04-07T11:40:19 IST" name="tearDownReport" finished-at="2025-04-07T11:40:20 IST" duration-ms="307" status="PASS">
          <reporter-output>
          </reporter-output>
        </test-method> <!-- tearDownReport -->
      </class> <!-- jenksel.jenksel -->
    </test> <!-- Default test -->
  </suite> <!-- Default suite -->
</testng-results>
